"../../../Engine/Content/Functions/Engine_MaterialFunctions02/Utility/BlendAngleCorrectedNormals.uasset" 0
"../../../Engine/Content/Functions/MaterialLayerFunctions/MatLayerBlend_NormalBlend.uasset" 1
"../../../Engine/Content/Functions/MaterialLayerFunctions/MatLayerBlend_Simple.uasset" 2
"E:/Unreal Projects/blAchan/Content/SciFi_Robot/Mannequin/Character/Materials/MaterialLayers/T_ML_Rubber_Blue_01_D.uasset" 3
"E:/Unreal Projects/blAchan/Content/SciFi_Robot/Mannequin/Character/Materials/MaterialLayers/T_ML_Rubber_Blue_01_N.uasset" 4
"E:/Unreal Projects/blAchan/Content/SciFi_Robot/Mannequin/Character/Materials/MaterialLayers/ML_GlossyBlack_Latex_UE4.uasset" 5
"E:/Unreal Projects/blAchan/Content/SciFi_Robot/Mannequin/Character/Materials/MaterialLayers/ML_Plastic_Shiny_Beige.uasset" 6
"E:/Unreal Projects/blAchan/Content/SciFi_Robot/Mannequin/Character/Textures/UE4_LOGO_CARD.uasset" 7
"E:/Unreal Projects/blAchan/Content/SciFi_Robot/Mannequin/Character/Materials/MaterialLayers/ML_Plastic_Shiny_Beige_LOGO.uasset" 8
"E:/Unreal Projects/blAchan/Content/SciFi_Robot/Mannequin/Character/Materials/MaterialLayers/T_ML_Aluminum01.uasset" 9
"E:/Unreal Projects/blAchan/Content/SciFi_Robot/Mannequin/Character/Materials/MaterialLayers/T_ML_Aluminum01_N.uasset" 10
"E:/Unreal Projects/blAchan/Content/SciFi_Robot/Mannequin/Character/Materials/MaterialLayers/ML_SoftMetal_UE4.uasset" 11
"E:/Unreal Projects/blAchan/Content/SciFi_Robot/Mannequin/Character/Textures/UE4_Mannequin__normals.uasset" 12
"E:/Unreal Projects/blAchan/Content/SciFi_Robot/Mannequin/Character/Textures/UE4_Mannequin_MAT_MASKA.uasset" 13
"E:/Unreal Projects/blAchan/Content/SciFi_Robot/Mannequin/Character/Materials/M_UE4Man_Body.uasset" 14
"E:/Unreal Projects/blAchan/Content/SciFi_Robot/Mannequin/Character/Textures/UE4Man_Logo_N.uasset" 15
"E:/Unreal Projects/blAchan/Content/SciFi_Robot/Mannequin/Character/Materials/M_UE4Man_ChestLogo.uasset" 16
"E:/Unreal Projects/blAchan/Content/SciFi_Robot/Mannequin/Character/Mesh/SK_Mannequin_PhysicsAsset.uasset" 17
"E:/Unreal Projects/blAchan/Content/SciFi_Robot/Mannequin/Character/Mesh/UE4_Mannequin_Skeleton.uasset" 18
"E:/Unreal Projects/blAchan/Content/SciFi_Robot/Mannequin/Character/Mesh/SK_Mannequin.uasset" 19
"E:/Unreal Projects/blAchan/Content/SciFi_Robot/TEXTURES/SKIN_CUSTOM/CUSTOM_BC_TX.uasset" 20
"E:/Unreal Projects/blAchan/Content/SciFi_Robot/TEXTURES/SKIN_CUSTOM/CUSTOM_EM_TX.uasset" 21
"E:/Unreal Projects/blAchan/Content/SciFi_Robot/TEXTURES/SKIN_CUSTOM/CUSTOM_ORM_TX.uasset" 22
"E:/Unreal Projects/blAchan/Content/SciFi_Robot/TEXTURES/SKIN_CUSTOM/MASKS/PAD_MASK_TX.uasset" 23
"E:/Unreal Projects/blAchan/Content/SciFi_Robot/TEXTURES/SKIN_CUSTOM/MASKS/SHELL_MASK_01_TX.uasset" 24
"E:/Unreal Projects/blAchan/Content/SciFi_Robot/TEXTURES/SKIN_CUSTOM/MASKS/SHELL_MASK_02_TX.uasset" 25
"E:/Unreal Projects/blAchan/Content/SciFi_Robot/TEXTURES/SKIN_CUSTOM/MASKS/SHELL_MASK_03_TX.uasset" 26
"E:/Unreal Projects/blAchan/Content/SciFi_Robot/TEXTURES/SKIN_CUSTOM/MASKS/SHELL_MASK_04_TX.uasset" 27
"E:/Unreal Projects/blAchan/Content/SciFi_Robot/TEXTURES/SKIN_DEFAULT/DEFAULT_BC_TX.uasset" 28
"E:/Unreal Projects/blAchan/Content/SciFi_Robot/TEXTURES/SKIN_DEFAULT/DEFAULT_NMR_TX.uasset" 29
"E:/Unreal Projects/blAchan/Content/SciFi_Robot/MATERIALS/BODY/CUSTOM_MAT.uasset" 30
"E:/Unreal Projects/blAchan/Content/SciFi_Robot/MATERIALS/BODY/CUSTOM_MAT_1_INST.uasset" 31
"../../../Engine/Content/BufferVisualization/PreTonemapHDRColor.uasset" 32
"../../../Engine/Content/BufferVisualization/Roughness.uasset" 33
"../../../Engine/Content/BufferVisualization/SceneColor.uasset" 34
"../../../Engine/Content/BufferVisualization/SceneDepth.uasset" 35
"../../../Engine/Content/Functions/Engine_MaterialFunctions02/Utility/VectorLength.uasset" 36
"../../../Engine/Content/BufferVisualization/SceneDepthWorldUnits.uasset" 37
"../../../Engine/Content/BufferVisualization/SeparateTranslucencyA.uasset" 38
"../../../Engine/Content/BufferVisualization/SeparateTranslucencyRGB.uasset" 39
"../../../Engine/Content/BufferVisualization/Specular.uasset" 40
"../../../Engine/Content/BufferVisualization/SubsurfaceColor.uasset" 41
"../../../Engine/Content/Functions/Engine_MaterialFunctions02/Utility/BreakOutFloat2Components.uasset" 42
"../../../Engine/Content/Functions/Engine_MaterialFunctions02/Utility/MakeFloat3.uasset" 43
"../../../Engine/Content/BufferVisualization/Velocity.uasset" 44
"../../../Engine/Content/BufferVisualization/WorldNormal.uasset" 45
"../../../Engine/Content/EditorLandscapeResources/DataLayer.uasset" 46
"../../../Engine/Content/EditorLandscapeResources/DefaultAlphaTexture.uasset" 47
"../../../Engine/Content/EditorLandscapeResources/LandscapeGizmoHeight_Mat.uasset" 48
"../../../Engine/Content/EditorLandscapeResources/LandscapeGizmo_Mat.uasset" 49
"../../../Engine/Content/EditorLandscapeResources/LandscapeGizmo_Mat_Copied.uasset" 50
"../../../Engine/Content/EditorLandscapeResources/SplineEditorMeshMat.uasset" 51
"../../../Engine/Content/EditorLandscapeResources/SplineEditorMesh.uasset" 52
"../../../Engine/Content/EditorMaterials/Cross.uasset" 53
"../../../Engine/Content/EditorMaterials/Cross_Mat.uasset" 54
"../../../Engine/Content/EngineMaterials/DefaultDiffuse.uasset" 55
"../../../Engine/Content/Functions/Engine_MaterialFunctions01/Texturing/TextureCropping.uasset" 56
"../../../Engine/Content/Functions/Engine_MaterialFunctions01/Texturing/ComputeMipLevel.uasset" 57
"../../../Engine/Content/Functions/Engine_MaterialFunctions02/ExampleContent/DebugNumberStrip.uasset" 58
"../../../Engine/Content/Functions/Engine_MaterialFunctions02/ExampleContent/Textures/DebugNumberPeriod.uasset" 59
"../../../Engine/Content/Functions/Engine_MaterialFunctions02/Utility/DebugScalarValues.uasset" 60
"../../../Engine/Content/Functions/Engine_MaterialFunctions02/Utility/DebugFloat2Values.uasset" 61
"../../../Engine/Content/Functions/Engine_MaterialFunctions02/ExampleContent/Textures/flipbook.uasset" 62
"../../../Engine/Content/Functions/Engine_MaterialFunctions02/Texturing/FlipBook.uasset" 63
"../../../Engine/Content/Functions/Engine_MaterialFunctions02/Utility/Sign.uasset" 64
"../../../Engine/Content/Functions/Engine_MaterialFunctions02/Utility/Round.uasset" 65
"../../../Engine/Content/EditorResources/T_EditorHelp.uasset" 66
"../../../Engine/Content/EditorMaterials/HelpActorMaterial.uasset" 67
"../../../Engine/Content/EditorMaterials/CompositeARGBLayer.uasset" 68
"../../../Engine/Content/EditorMaterials/TilingAALineIntegral.uasset" 69
"../../../Engine/Content/EditorMaterials/TilingAALineBoxFiltered.uasset" 70
"../../../Engine/Content/Functions/Engine_MaterialFunctions03/Procedurals/ComputeFilterWidth.uasset" 71
"../../../Engine/Content/EditorMaterials/TilingAADots.uasset" 72
"../../../Engine/Content/EngineMaterials/BlendFunc_DefBase.uasset" 73
"../../../Engine/Content/EngineMaterials/BlendFunc_DefBlend.uasset" 74
"../../../Engine/Content/Functions/Engine_MaterialFunctions03/Blends/Blend_Screen.uasset" 75
"../../../Engine/Content/EditorMaterials/TilingAAGrid.uasset" 76
"../../../Engine/Content/EditorMaterials/LevelGridMaterial.uasset" 77
"../../../Engine/Content/EditorMaterials/MakeCompositeARGBLayer.uasset" 78
"../../../Engine/Content/EditorResources/LevelGrid1DStripes.uasset" 79
"../../../Engine/Content/EditorMaterials/TextureGridCascaded1D.uasset" 80
"../../../Engine/Content/EditorMaterials/TextureGridCascaded2D.uasset" 81
"../../../Engine/Content/EditorMaterials/LevelGridMaterial2.uasset" 82
"../../../Engine/Content/EditorMaterials/MAT_Groups_Toggle.uasset" 83
"../../../Engine/Content/EditorMaterials/MAT_Groups_Visibility.uasset" 84
"../../../Engine/Content/EditorMaterials/PhAT_BoneSelectedMaterial.uasset" 85
"../../../Engine/Content/EditorMaterials/PhAT_ElemSelectedMaterial.uasset" 86
"../../../Engine/Content/EditorMaterials/PhAT_NoCollisionMaterial.uasset" 87
"../../../Engine/Content/EditorMaterials/PhAT_UnselectedMaterial.uasset" 88
"../../../Engine/Content/EditorMaterials/PreviewShadowIndicator.uasset" 89
"../../../Engine/Content/EditorMaterials/PreviewShadowIndicatorMaterial.uasset" 90
"../../../Engine/Content/EditorMaterials/TargetIcon.uasset" 91
"../../../Engine/Content/EditorMaterials/Tick.uasset" 92
"../../../Engine/Content/EditorMaterials/Tick_Mat.uasset" 93
"../../../Engine/Content/EditorMaterials/WidgetGridVertexColorMaterial.uasset" 94
"../../../Engine/Content/EditorMaterials/WidgetGridVertexColorMaterial_Ma.uasset" 95
"../../../Engine/Content/EditorMaterials/WidgetMaterial.uasset" 96
"../../../Engine/Content/EditorMaterials/WidgetMaterial_Current.uasset" 97
"../../../Engine/Content/EditorMaterials/WidgetMaterial_X.uasset" 98
"../../../Engine/Content/EditorMaterials/WidgetMaterial_Y.uasset" 99
"../../../Engine/Content/EditorMaterials/WidgetMaterial_Z.uasset" 100
"../../../Engine/Content/EditorMaterials/WidgetVertexColorMaterial.uasset" 101
"../../../Engine/Content/EditorMaterials/AssetViewer/EpicQuadPanorama_CC+EV1.uasset" 102
"../../../Engine/Content/MapTemplates/Sky/SunsetAmbientCubemap.uasset" 103
"../../../Engine/Content/EditorMaterials/AssetViewer/M_SkyBox.uasset" 104
"../../../Engine/Content/EditorMaterials/MatineeGroups/MAT_ColorTrack.uasset" 105
"../../../Engine/Content/EditorMaterials/MatineeGroups/MAT_Groups_Anim.uasset" 106
"../../../Engine/Content/EditorMaterials/MatineeGroups/MAT_Groups_AudioMaster.uasset" 107
"../../../Engine/Content/EditorMaterials/MatineeGroups/MAT_Groups_Director.uasset" 108
"../../../Engine/Content/EditorMaterials/MatineeGroups/MAT_Groups_Event.uasset" 109
"../../../Engine/Content/EditorMaterials/MatineeGroups/MAT_Groups_Fade.uasset" 110
"../../../Engine/Content/EditorMaterials/MatineeGroups/MAT_Groups_Float.uasset" 111
"../../../Engine/Content/EditorMaterials/MatineeGroups/MAT_Groups_Move.uasset" 112
"../../../Engine/Content/EditorMaterials/MatineeGroups/MAT_Groups_Slomo.uasset" 113
"../../../Engine/Content/EditorMaterials/MatineeGroups/MAT_Groups_Sound.uasset" 114
"../../../Engine/Content/EditorMaterials/MatineeGroups/MAT_Groups_Vector.uasset" 115
"../../../Engine/Content/EditorMaterials/ParticleSystems/PSysThumbnail_NoImage.uasset" 116
"../../../Engine/Content/EditorMaterials/ParticleSystems/PSysThumbnail_OOD.uasset" 117
"../../../Engine/Content/EngineMaterials/Grid.uasset" 118
"../../../Engine/Content/EditorMaterials/Thumbnails/FloorPlaneMaterial.uasset" 119
"../../../Engine/Content/EditorMeshes/EditorCube.uasset" 120
"../../../Engine/Content/EditorMeshes/EditorCylinder.uasset" 121
"../../../Engine/Content/EditorMeshes/EditorPlane.uasset" 122
"../../../Engine/Content/EditorMaterials/Thumbnails/SkySphereMaterial.uasset" 123
"../../../Engine/Content/EditorMeshes/EditorSkySphere.uasset" 124
"../../../Engine/Content/EditorMeshes/EditorSphere.uasset" 125
"../../../Engine/Content/EditorResources/MatineeCam_D.uasset" 126
"../../../Engine/Content/EditorMaterials/MatineeCam_mat.uasset" 127
"../../../Engine/Content/EditorMeshes/MatineeCam_SM.uasset" 128
"../../../Engine/Content/Functions/Engine_MaterialFunctions01/Opacity/CameraDepthFade.uasset" 129
"../../../Engine/Content/EngineMaterials/T_Default_Material_Grid_M.uasset" 130
"../../../Engine/Content/EngineMaterials/T_Default_Material_Grid_N.uasset" 131
"../../../Engine/Content/EngineMaterials/WorldGridMaterial.uasset" 132
"../../../Engine/Content/EditorMeshes/PlanarReflectionPlane.uasset" 133
"../../../Engine/Content/Functions/Engine_MaterialFunctions01/Shading/ConvertFromDiffSpec.uasset" 134
"../../../Engine/Content/EditorMaterials/GridMaterial.uasset" 135
"../../../Engine/Content/EditorMeshes/AssetViewer/Floor_Mesh.uasset" 136
"../../../Engine/Content/EditorMeshes/AssetViewer/Sphere_inversenormals.uasset" 137
"../../../Engine/Content/EditorMaterials/Camera/CineMat.uasset" 138
"../../../Engine/Content/EditorMaterials/Camera/MI_CineMat_CameraBody.uasset" 139
"../../../Engine/Content/EngineDebugMaterials/M_SimpleOpaque.uasset" 140
"../../../Engine/Content/EditorMaterials/Camera/MI_CineMat_CamViewFinder.uasset" 141
"../../../Engine/Content/EditorMeshes/Camera/SM_CineCam.uasset" 142
"../../../Engine/Content/EditorMaterials/Camera/MI_CineMat_Rig.uasset" 143
"../../../Engine/Content/EditorMeshes/Camera/SM_CraneRig_Arm.uasset" 144
"../../../Engine/Content/EditorMeshes/Camera/SM_CraneRig_Base.uasset" 145
"../../../Engine/Content/EditorMeshes/Camera/SM_CraneRig_Body.uasset" 146
"../../../Engine/Content/EditorMeshes/Camera/SM_CraneRig_Mount.uasset" 147
"../../../Engine/Content/EditorMeshes/Camera/SM_RailRig_Mount.uasset" 148
"../../../Engine/Content/EditorMeshes/Camera/SM_RailRig_Track.uasset" 149
"../../../Engine/Content/EditorMeshes/ColorCalibrator/M_ChromeBall.uasset" 150
"../../../Engine/Content/EditorResources/Bad.uasset" 151
"../../../Engine/Content/EditorResources/BSPVertex.uasset" 152
"../../../Engine/Content/EditorResources/EmptyActor.uasset" 153
"../../../Engine/Content/EditorResources/MatInstActSprite.uasset" 154
"../../../Engine/Content/EditorResources/SceneManager.uasset" 155
"../../../Engine/Content/EditorResources/SmallFont.uasset" 156
"../../../Engine/Content/EditorResources/S_Actor.uasset" 157
"../../../Engine/Content/EditorResources/S_DecalActorIcon.uasset" 158
"../../../Engine/Content/EditorResources/S_Emitter.uasset" 159
"../../../Engine/Content/EditorResources/S_ExpoHeightFog.uasset" 160
"../../../Engine/Content/EditorResources/S_FTest.uasset" 161
"../../../Engine/Content/EditorResources/S_KBSJoint.uasset" 162
"../../../Engine/Content/EditorResources/S_KHinge.uasset" 163
"../../../Engine/Content/EditorResources/S_KPrismatic.uasset" 164
"../../../Engine/Content/EditorResources/S_LevelSequence.uasset" 165
"../../../Engine/Content/EditorResources/S_NavP.uasset" 166
"../../../Engine/Content/EditorResources/S_Note.uasset" 167
"../../../Engine/Content/EditorResources/S_Player.uasset" 168
"../../../Engine/Content/EditorResources/S_PortalActorIcon2.uasset" 169
"../../../Engine/Content/EditorResources/S_RadForce.uasset" 170
"../../../Engine/Content/EditorResources/S_ReflActorIcon.uasset" 171
"../../../Engine/Content/EditorResources/S_SkyAtmosphere.uasset" 172
"../../../Engine/Content/EditorResources/S_Solver.uasset" 173
"../../../Engine/Content/EditorResources/S_Terrain.uasset" 174
"../../../Engine/Content/EditorResources/S_TextRenderActorIcon.uasset" 175
"../../../Engine/Content/EditorResources/S_Thruster.uasset" 176
"../../../Engine/Content/EditorResources/S_Trigger.uasset" 177
"../../../Engine/Content/EditorResources/S_VectorFieldVol.uasset" 178
"../../../Engine/Content/EditorResources/S_WindDirectional.uasset" 179
"../../../Engine/Content/EditorResources/AI/S_NavLink.uasset" 180
"../../../Engine/Content/EditorResources/LightIcons/SkyLight.uasset" 181
"../../../Engine/Content/EditorResources/LightIcons/S_LightDirectional.uasset" 182
"../../../Engine/Content/EditorResources/LightIcons/S_LightDirectionalMove.uasset" 183
"../../../Engine/Content/EditorResources/LightIcons/S_LightError.uasset" 184
"../../../Engine/Content/EditorResources/LightIcons/S_LightPoint.uasset" 185
"../../../Engine/Content/EditorResources/LightIcons/S_LightPointMove.uasset" 186
"../../../Engine/Content/EditorResources/LightIcons/S_LightSpot.uasset" 187
"../../../Engine/Content/EditorResources/LightIcons/S_LightSpotMove.uasset" 188
"../../../Engine/Content/EditorResources/SequenceRecorder/Countdown.uasset" 189
"../../../Engine/Content/EditorResources/SequenceRecorder/RecordingIndicator.uasset" 190
"../../../Engine/Content/EditorResources/Spline/T_Loft_Spline.uasset" 191
"../../../Engine/Content/EditorSounds/Notifications/CompileFailed.uasset" 192
"../../../Engine/Content/EditorSounds/Notifications/CompileFailed_Cue.uasset" 193
"../../../Engine/Content/EditorSounds/Notifications/CompileSuccess.uasset" 194
"../../../Engine/Content/EditorSounds/Notifications/CompileStart_Cue.uasset" 195
"../../../Engine/Content/EditorSounds/Notifications/CompileSuccess_Cue.uasset" 196
"../../../Engine/Content/EngineDamageTypes/DmgTypeBP_Environmental.uasset" 197
"../../../Engine/Content/EngineDebugMaterials/HeatmapGradient.uasset" 198
"../../../Engine/Content/EngineDebugMaterials/BoneWeightMaterial.uasset" 199
"../../../Engine/Content/EngineDebugMaterials/ClothMaterial.uasset" 200
"../../../Engine/Content/EngineDebugMaterials/ClothMaterial_WF.uasset" 201
"../../../Engine/Content/EngineDebugMaterials/DebugEditorMaterial.uasset" 202
"../../../Engine/Content/EngineDebugMaterials/DebugMeshMaterial.uasset" 203
"../../../Engine/Content/EngineDebugMaterials/GeomMaterial.uasset" 204
"../../../Engine/Content/EngineDebugMaterials/LevelColorationLitMaterial.uasset" 205
"../../../Engine/Content/EngineDebugMaterials/LevelColorationUnlitMaterial.uasset" 206
"../../../Engine/Content/EngineMaterials/DefaultWhiteGrid.uasset" 207
"../../../Engine/Content/EngineDebugMaterials/MAT_LevelColorationLitLightmapUV.uasset" 208
"../../../Engine/Content/EngineDebugMaterials/M_SimpleTranslucent.uasset" 209
"../../../Engine/Content/Functions/Engine_MaterialFunctions02/Utility/CameraDirectionVector.uasset" 210
"../../../Engine/Content/EngineDebugMaterials/VolumeToRender.uasset" 211
"../../../Engine/Content/EngineDebugMaterials/M_VolumeRenderSphereTracePP.uasset" 212
"../../../Engine/Content/EngineDebugMaterials/ShadedLevelColorationLitMaterial.uasset" 213
"../../../Engine/Content/EngineDebugMaterials/ShadedLevelColorationUnlitMateri.uasset" 214
"../../../Engine/Content/EngineDebugMaterials/VertexColorMaterial.uasset" 215
"../../../Engine/Content/EngineDebugMaterials/VertexColorViewMode_AlphaAsColor.uasset" 216
"../../../Engine/Content/EngineDebugMaterials/VertexColorViewMode_BlueOnly.uasset" 217
"../../../Engine/Content/EngineDebugMaterials/VertexColorViewMode_ColorOnly.uasset" 218
"../../../Engine/Content/EngineDebugMaterials/VertexColorViewMode_GreenOnly.uasset" 219
"../../../Engine/Content/EngineDebugMaterials/VertexColorViewMode_RedOnly.uasset" 220
"../../../Engine/Content/EngineDebugMaterials/WireframeMaterial.uasset" 221
"../../../Engine/Content/EngineFonts/Faces/DroidSansFallback.uasset" 222
"../../../Engine/Content/EngineFonts/Faces/RobotoBold.uasset" 223
"../../../Engine/Content/EngineFonts/Faces/RobotoBoldItalic.uasset" 224
"../../../Engine/Content/EngineFonts/Faces/RobotoItalic.uasset" 225
"../../../Engine/Content/EngineFonts/Faces/RobotoLight.uasset" 226
"../../../Engine/Content/EngineFonts/Faces/RobotoRegular.uasset" 227
"../../../Engine/Content/EngineFonts/Roboto.uasset" 228
"../../../Engine/Content/EngineFonts/Faces/RobotoTiny.uasset" 229
"../../../Engine/Content/EngineFonts/RobotoTiny.uasset" 230
"../../../Engine/Content/EngineFonts/SmallFont.uasset" 231
"../../../Engine/Content/EngineFonts/TinyFont.uasset" 232
"../../../Engine/Content/EngineMaterials/BaseFlattenDiffuseMap.uasset" 233
"../../../Engine/Content/EngineMaterials/BaseFlattenEmissiveMap.uasset" 234
"../../../Engine/Content/EngineMaterials/BaseFlattenGrayscaleMap.uasset" 235
"../../../Engine/Content/EngineMaterials/BaseFlattenNormalMap.uasset" 236
"../../../Engine/Content/EngineMaterials/BaseFlattenMaterial.uasset" 237
"../../../Engine/Content/EngineResources/WhiteSquareTexture.uasset" 238
"../../../Engine/Content/EngineMaterials/BlinkingCaret.uasset" 239
"../../../Engine/Content/EngineMaterials/BlueNoise.uasset" 240
"../../../Engine/Content/EngineMaterials/DefaultBloomKernel.uasset" 241
"../../../Engine/Content/EngineMaterials/DefaultBokeh.uasset" 242
"../../../Engine/Content/EngineMaterials/DefaultDeferredDecalMaterial.uasset" 243
"../../../Engine/Content/EngineMaterials/DefaultLightFunctionMaterial.uasset" 244
"../../../Engine/Content/EngineMaterials/DefaultNormal.uasset" 245
"../../../Engine/Content/EngineMaterials/DefaultPostProcessMaterial.uasset" 246
"../../../Engine/Content/EngineFonts/RobotoDistanceField.uasset" 247
"../../../Engine/Content/EngineMaterials/DefaultTextMaterialOpaque.uasset" 248
"../../../Engine/Content/EngineMaterials/DefaultVirtualTextureMaterial.uasset" 249
"../../../Engine/Content/EngineMaterials/EditorBrushMaterial.uasset" 250
"../../../Engine/Content/EngineMaterials/DefaultWhiteGrid_Low.uasset" 251
"../../../Engine/Content/EngineMaterials/EmissiveMeshMaterial.uasset" 252
"../../../Engine/Content/EngineMaterials/GizmoMaterial.uasset" 253
"../../../Engine/Content/EngineMaterials/Good64x64TilingNoiseHighFreq.uasset" 254
"../../../Engine/Content/EngineMaterials/Grid_N.uasset" 255
"../../../Engine/Content/Functions/Engine_MaterialFunctions02/Utility/MakeFloat2.uasset" 256
"../../../Engine/Content/EngineMaterials/HairColorMap.uasset" 257
"../../../Engine/Content/EngineMaterials/HairDebugColor.uasset" 258
"../../../Engine/Content/EngineMaterials/HairDebugMaterial.uasset" 259
"../../../Engine/Content/EngineMaterials/HairDefaultMaterial.uasset" 260
"../../../Engine/Content/EngineMaterials/HighResolutionScreenshotMaskFunction.uasset" 261
"../../../Engine/Content/EngineMaterials/HighResScreenshot.uasset" 262
"../../../Engine/Content/EngineMaterials/HighResScreenshotCaptureRegion.uasset" 263
"../../../Engine/Content/EngineMaterials/HighResScreenshotMask.uasset" 264
"../../../Engine/Content/EngineMaterials/LandscapeHolePhysicalMaterial.uasset" 265
"../../../Engine/Content/EngineMaterials/InvalidLightmapSettings.uasset" 266
"../../../Engine/Content/EngineMaterials/M_InvalidLightmapSettings.uasset" 267
"../../../Engine/Content/EngineMaterials/PaperDiffuse.uasset" 268
"../../../Engine/Content/EngineMaterials/PaperNormal.uasset" 269
"../../../Engine/Content/Functions/Engine_MaterialFunctions02/WorldPositionOffset/CameraOffset.uasset" 270
"../../../Engine/Content/EngineMaterials/PhAT_JointLimitMaterial.uasset" 271
"../../../Engine/Content/EngineMaterials/PhysMat_Rubber.uasset" 272
"../../../Engine/Content/EngineMaterials/PreintegratedSkinBRDF.uasset" 273
"../../../Engine/Content/EngineMaterials/RemoveSurfaceMaterial.uasset" 274
"../../../Engine/Content/EngineMaterials/WeightMapPlaceholderTexture.uasset" 275
"../../../Engine/Content/Functions/Engine_MaterialFunctions01/ImageAdjustment/sRGBToLinear.uasset" 276
"../../../Engine/Content/Functions/Engine_MaterialFunctions02/Utility/BreakOutFloat3Components.uasset" 277
"../../../Engine/Content/EngineMaterials/Widget3DCameraPassThrough_Opaque_OneSided.uasset" 278
"../../../Engine/Content/EngineMaterials/Widget3DPassThrough.uasset" 279
"../../../Engine/Content/EngineMaterials/Widget3DPassThrough_Masked.uasset" 280
"../../../Engine/Content/EngineMaterials/Widget3DPassThrough_Opaque.uasset" 281
"../../../Engine/Content/EngineMaterials/Widget3DPassThrough_Masked_OneSided.uasset" 282
"../../../Engine/Content/EngineMaterials/Widget3DPassThrough_Opaque_OneSided.uasset" 283
"../../../Engine/Content/EngineMaterials/Widget3DPassThrough_Translucent.uasset" 284
"../../../Engine/Content/EngineMaterials/Widget3DPassThrough_Translucent_OneSided.uasset" 285
"../../../Engine/Content/EngineMaterials/DefaultMaterial.uasset" 286
"../../../Engine/Content/EngineMeshes/Cylinder.uasset" 287
"../../../Engine/Content/EngineMeshes/Sphere.uasset" 288
"../../../Engine/Content/EngineResources/Black.uasset" 289
"../../../Engine/Content/EngineResources/DefaultTexture.uasset" 290
"../../../Engine/Content/EngineResources/DefaultTextureCube.uasset" 291
"../../../Engine/Content/EngineResources/DefaultVolumeTexture2D.uasset" 292
"../../../Engine/Content/EngineResources/DefaultVolumeTexture.uasset" 293
"../../../Engine/Content/EngineResources/GradientTexture0.uasset" 294
"../../../Engine/Content/EngineResources/StreamingPauseIcon.uasset" 295
"../../../Engine/Content/EngineResources/M_StreamingPause.uasset" 296
"../../../Engine/Content/EngineSounds/Master.uasset" 297
"../../../Engine/Content/Functions/Engine_MaterialFunctions01/Shading/PowerToRoughness.uasset" 298
"../../../Engine/Content/Maps/Templates/Thumbnails/Default.uasset" 299
"../../../Engine/Content/Maps/Templates/Thumbnails/TimeOfDay.uasset" 300
"../../../Engine/Content/Maps/Templates/Thumbnails/VR-Basic.uasset" 301
"../../../Engine/Content/MapTemplates/Sky/DaylightAmbientCubemap.uasset" 302
"../../../Engine/Content/MobileResources/T_MobileControls_texture.uasset" 303
"../../../Engine/Content/MobileResources/T_MobileMenu2.uasset" 304
"../../../Engine/Content/MobileResources/HUD/AnalogHat.uasset" 305
"../../../Engine/Content/MobileResources/HUD/VirtualJoystick_Background.uasset" 306
"../../../Engine/Content/MobileResources/HUD/VirtualJoystick_Thumb.uasset" 307
"../../../Engine/Content/MobileResources/HUD/DefaultVirtualJoysticks.uasset" 308
"../../../Engine/Content/MobileResources/HUD/LeftVirtualJoystickOnly.uasset" 309
"../../../Engine/Content/MobileResources/HUD/MobileHUDButton1_off.uasset" 310
"../../../Engine/Content/MobileResources/HUD/MobileHUDButton1_on.uasset" 311
"../../../Engine/Content/MobileResources/HUD/MobileHUDButton2_off.uasset" 312
"../../../Engine/Content/MobileResources/HUD/MobileHUDButton2_on.uasset" 313
"../../../Engine/Content/MobileResources/HUD/MobileHUDButton3.uasset" 314
"../../../Engine/Content/MobileResources/HUD/MobileHUDButtonFire.uasset" 315
"../../../Engine/Content/MobileResources/HUD/MobileHUDDirectionPad.uasset" 316
"../../../Engine/Content/MobileResources/HUD/MobileHUDDirectionPad2.uasset" 317
"../../../Engine/Content/MobileResources/HUD/MobileHUDDirectionPad3.uasset" 318
"../../../Engine/Content/MobileResources/HUD/MobileHUDDirectionStick.uasset" 319
"../../../Engine/Content/MobileResources/HUD/T_Castle_ThumbstickInner.uasset" 320
"../../../Engine/Content/MobileResources/HUD/T_Castle_ThumbstickOutter.uasset" 321
"../../../Engine/Content/Tutorial/ContentIntroCurve.uasset" 322
"../../../Engine/Content/Tutorial/Basics/LevelEditorAttract.uasset" 323
"../../../Engine/Content/Tutorial/Basics/TutorialAssets/icon_tab_Levels_40x.uasset" 324
"../../../Engine/Content/Tutorial/Basics/LevelEditorOverview.uasset" 325
"../../../Engine/Content/Tutorial/SubEditors/MaterialEditorTutorial.uasset" 326
"../../../Engine/Content/Tutorial/SubEditors/TutorialAssets/TutorialMaterial.uasset" 327
"../../../Engine/Content/VREditor/LaserPointer/VR_LaserPower_01.uasset" 328
"../../../Engine/Content/VREditor/TransformGizmo/TransformGizmoMaterial.uasset" 329
"../../../Engine/Content/VREditor/TransformGizmo/TranslucentTransformGizmoMaterial.uasset" 330
"../../../Engine/Content/VREditor/TransformGizmo/BoundingBoxCorner.uasset" 331
"../../../Engine/Content/VREditor/TransformGizmo/BoundingBoxEdge.uasset" 332
"../../../Engine/Content/VREditor/TransformGizmo/PlaneTranslationHandle.uasset" 333
"../../../Engine/Content/VREditor/TransformGizmo/Main.uasset" 334
"../../../Engine/Content/VREditor/TransformGizmo/Xray.uasset" 335
"../../../Engine/Content/VREditor/TransformGizmo/SM_Sequencer_Key.uasset" 336
"../../../Engine/Content/VREditor/TransformGizmo/SM_Sequencer_Node.uasset" 337
"../../../Engine/Content/EditorBlueprintResources/StandardMacros.uasset" 338
"../../../Engine/Content/EngineMeshes/Humanoid.uasset" 339
"E:/Unreal Projects/blAchan/Content/Mannequin/Character/Mesh/UE4_Mannequin_Skeleton.uasset" 340
"E:/Unreal Projects/blAchan/Content/Mannequin/Animations/ThirdPerson_Jump.uasset" 341
"E:/Unreal Projects/blAchan/Content/Mannequin/Animations/ThirdPersonJump_Loop.uasset" 342
"E:/Unreal Projects/blAchan/Content/Mannequin/Animations/ThirdPersonJump_Start.uasset" 343
"E:/Unreal Projects/blAchan/Content/Mannequin/Animations/ThirdPersonIdle.uasset" 344
"E:/Unreal Projects/blAchan/Content/Mannequin/Animations/ThirdPersonRun.uasset" 345
"E:/Unreal Projects/blAchan/Content/Mannequin/Animations/ThirdPersonWalk.uasset" 346
"E:/Unreal Projects/blAchan/Content/Mannequin/Animations/ThirdPerson_IdleRun_2D.uasset" 347
"E:/Unreal Projects/blAchan/Content/Mannequin/Animations/ThirdPerson_AnimBP.uasset" 348
"E:/Unreal Projects/blAchan/Content/Animation/ProjectR/Animation/Hammer/Animation_Hammer_Attack.uasset" 349
"E:/Unreal Projects/blAchan/Content/Animation/ProjectR/Animation/Hammer/Montage_Hammer_Attack.uasset" 350
"E:/Unreal Projects/blAchan/Content/Blueprint/Skill/Dagger/BP_Dagger_Attack.uasset" 351
"E:/Unreal Projects/blAchan/Content/Blueprint/Skill/Dagger/BP_Dagger_Parrying.uasset" 352
"E:/Unreal Projects/blAchan/Content/Model/Shield/02_-_Default.uasset" 353
"E:/Unreal Projects/blAchan/Content/Model/Shield/03_-_Default.uasset" 354
"E:/Unreal Projects/blAchan/Content/Model/Shield/07_-_Default.uasset" 355
"E:/Unreal Projects/blAchan/Content/Model/Shield/SM_Shield.uasset" 356
"E:/Unreal Projects/blAchan/Content/Animation/ProjectR/Animation/Hammer/Animation_Hammer_Guard.uasset" 357
"E:/Unreal Projects/blAchan/Content/Animation/ProjectR/Animation/Hammer/Montage_Hammer_Guard.uasset" 358
"E:/Unreal Projects/blAchan/Content/Blueprint/Skill/Hammer/BP_Hammer_Skill1.uasset" 359
"E:/Unreal Projects/blAchan/Content/Widget/WB_Hammer1Widget.uasset" 360
"E:/Unreal Projects/blAchan/Content/Blueprint/Skill/Dagger/BP_Dagger_Skill1.uasset" 361
"E:/Unreal Projects/blAchan/Content/Animation/ProjectR/Animation/Hammer/Animation_Hammer_Heal.uasset" 362
"E:/Unreal Projects/blAchan/Content/Animation/ProjectR/Animation/Hammer/Montage_Hammer_Heal.uasset" 363
"E:/Unreal Projects/blAchan/Content/Blueprint/Skill/Dagger/BP_Dagger_Skill2.uasset" 364
"E:/Unreal Projects/blAchan/Content/Blueprint/Skill/Dagger/BP_Dagger_Skill3.uasset" 365
"E:/Unreal Projects/blAchan/Content/Blueprint/Skill/Greatsword/BP_Greatsword_Attack.uasset" 366
"E:/Unreal Projects/blAchan/Content/Blueprint/Skill/Greatsword/BP_Greatsword_Parrying.uasset" 367
"E:/Unreal Projects/blAchan/Content/Blueprint/Skill/Greatsword/BP_Greatsword_Skill1.uasset" 368
"E:/Unreal Projects/blAchan/Content/Blueprint/Skill/Greatsword/BP_Greatsword_Skill2.uasset" 369
"E:/Unreal Projects/blAchan/Content/Blueprint/Skill/Greatsword/BP_Greatsword_Skill3.uasset" 370
"E:/Unreal Projects/blAchan/Content/Blueprint/Skill/Hammer/BP_Hammer_Attack.uasset" 371
"E:/Unreal Projects/blAchan/Content/Blueprint/Skill/Hammer/BP_Hammer_Parrying.uasset" 372
"E:/Unreal Projects/blAchan/Content/Blueprint/Skill/Hammer/BP_Hammer_Skill2.uasset" 373
"E:/Unreal Projects/blAchan/Content/Blueprint/Skill/Hammer/BP_Hammer_Skill3.uasset" 374
"E:/Unreal Projects/blAchan/Content/DataTable/WeaponData.uasset" 375
"E:/Unreal Projects/blAchan/Content/Mannequin/Character/Materials/MaterialLayers/T_ML_Rubber_Blue_01_D.uasset" 376
"E:/Unreal Projects/blAchan/Content/Mannequin/Character/Materials/MaterialLayers/T_ML_Rubber_Blue_01_N.uasset" 377
"E:/Unreal Projects/blAchan/Content/Mannequin/Character/Materials/MaterialLayers/ML_GlossyBlack_Latex_UE4.uasset" 378
"E:/Unreal Projects/blAchan/Content/Mannequin/Character/Materials/MaterialLayers/ML_Plastic_Shiny_Beige.uasset" 379
"E:/Unreal Projects/blAchan/Content/Mannequin/Character/Textures/UE4_LOGO_CARD.uasset" 380
"E:/Unreal Projects/blAchan/Content/Mannequin/Character/Materials/MaterialLayers/ML_Plastic_Shiny_Beige_LOGO.uasset" 381
"E:/Unreal Projects/blAchan/Content/Mannequin/Character/Materials/MaterialLayers/T_ML_Aluminum01.uasset" 382
"E:/Unreal Projects/blAchan/Content/Mannequin/Character/Materials/MaterialLayers/T_ML_Aluminum01_N.uasset" 383
"E:/Unreal Projects/blAchan/Content/Mannequin/Character/Materials/MaterialLayers/ML_SoftMetal_UE4.uasset" 384
"E:/Unreal Projects/blAchan/Content/Mannequin/Character/Textures/UE4_Mannequin__normals.uasset" 385
"E:/Unreal Projects/blAchan/Content/Mannequin/Character/Textures/UE4_Mannequin_MAT_MASKA.uasset" 386
"E:/Unreal Projects/blAchan/Content/Mannequin/Character/Materials/M_UE4Man_Body.uasset" 387
"E:/Unreal Projects/blAchan/Content/Mannequin/Character/Textures/UE4Man_Logo_N.uasset" 388
"E:/Unreal Projects/blAchan/Content/Mannequin/Character/Materials/M_UE4Man_ChestLogo.uasset" 389
"E:/Unreal Projects/blAchan/Content/Mannequin/Character/Mesh/SK_Mannequin_PhysicsAsset.uasset" 390
"E:/Unreal Projects/blAchan/Content/Mannequin/Character/Mesh/SK_Mannequin.uasset" 391
"E:/Unreal Projects/blAchan/Content/Blueprint/Character/BP_PlayerCharacter.uasset" 392
"E:/Unreal Projects/blAchan/Content/Widget/WB_Widget.uasset" 393
"E:/Unreal Projects/blAchan/Content/Blueprint/BP_ProjectRHUD.uasset" 394
"E:/Unreal Projects/blAchan/Content/Blueprint/BP_ProjectRGameMode.uasset" 395
"E:/Unreal Projects/blAchan/Content/ThirdPersonCPP/Blueprints/ThirdPersonCharacter.uasset" 396
"../../../Engine/Content/Animation/DefaultAnimCurveCompressionSettings.uasset" 397
"../../../Engine/Content/ArtTools/RenderToTexture/Meshes/S_1_Unit_Plane.uasset" 398
"../../../Engine/Content/BasicShapes/Cone.uasset" 399
"../../../Engine/Content/BasicShapes/Cylinder.uasset" 400
"../../../Engine/Content/BasicShapes/Plane.uasset" 401
"../../../Engine/Content/BasicShapes/Sphere.uasset" 402
"../../../Engine/Content/EngineMaterials/DefaultPhysicalMaterial.uasset" 403
"../../../Engine/Content/BufferVisualization/AmbientOcclusion.uasset" 404
"../../../Engine/Content/BufferVisualization/BaseColor.uasset" 405
"../../../Engine/Content/BufferVisualization/CustomDepth.uasset" 406
"../../../Engine/Content/BufferVisualization/CustomDepthWorldUnits.uasset" 407
"../../../Engine/Content/Functions/Engine_MaterialFunctions01/Texturing/ScaleUVsByCenter.uasset" 408
"../../../Engine/Content/Functions/Engine_MaterialFunctions02/ScreenResolution.uasset" 409
"../../../Engine/Content/Functions/Engine_MaterialFunctions02/Texturing/ScreenAlignedUVs.uasset" 410
"../../../Engine/Content/EngineMaterials/MiniFont.uasset" 411
"../../../Engine/Content/BufferVisualization/CustomStencil.uasset" 412
"../../../Engine/Content/BufferVisualization/FinalImage.uasset" 413
"../../../Engine/Content/BufferVisualization/LightingModel.uasset" 414
"../../../Engine/Content/BufferVisualization/MaterialAO.uasset" 415
"../../../Engine/Content/BufferVisualization/Metallic.uasset" 416
"../../../Engine/Content/BufferVisualization/Opacity.uasset" 417
"../../../Engine/Content/BufferVisualization/PostTonemapHDRColor.uasset" 418
"../../Plugins/2D/Paper2D/Content/PlaceholderTextures/DummySpriteTexture.uasset" 419
"../../Plugins/2D/Paper2D/Content/DummySprite.uasset" 420
"../../Plugins/2D/Paper2D/Content/DefaultPaperTerrainMaterial.uasset" 421
"../../Plugins/2D/Paper2D/Content/DefaultSpriteMaterial.uasset" 422
"../../Plugins/2D/Paper2D/Content/MaskedUnlitSpriteMaterial.uasset" 423
"../../Plugins/2D/Paper2D/Content/OpaqueUnlitSpriteMaterial.uasset" 424
"../../Plugins/FX/Niagara/Content/Enums/ENiagaraBooleanLogicOps.uasset" 425
"../../Plugins/FX/Niagara/Content/Enums/ENiagaraOrientationAxis.uasset" 426
"../../Plugins/FX/Niagara/Content/Icons/S_ParticleSystem.uasset" 427
"../../../Engine/Content/Functions/Engine_MaterialFunctions02/Utility/BreakOutFloat4Components.uasset" 428
"../../Plugins/Runtime/Oculus/OculusVR/Content/Materials/OculusMR_ChromaKey.uasset" 429
"../../Plugins/Runtime/Oculus/OculusVR/Content/Materials/OculusMR_ChromaKey_Lit.uasset" 430
"../../Plugins/Runtime/Oculus/OculusVR/Content/Materials/OculusMR_OpaqueColoredMaterial.uasset" 431
"../../Plugins/Runtime/Oculus/OculusVR/Content/Materials/OculusMR_WhiteMaterial.uasset" 432
"E:/Unreal Projects/blAchan/Content/SciFi_Robot/Mannequin/Animations/ThirdPersonIdle.uasset" 433
"E:/Unreal Projects/blAchan/Content/SciFi_Robot/Mannequin/Animations/ThirdPersonRun.uasset" 434
"E:/Unreal Projects/blAchan/Content/SciFi_Robot/Mannequin/Animations/ThirdPersonWalk.uasset" 435
"E:/Unreal Projects/blAchan/Content/SciFi_Robot/Mannequin/Animations/ThirdPerson_Jump.uasset" 436
"E:/Unreal Projects/blAchan/Content/SciFi_Robot/Mannequin/Animations/ThirdPersonJump_Loop.uasset" 437
"E:/Unreal Projects/blAchan/Content/SciFi_Robot/Mannequin/Animations/ThirdPersonJump_Start.uasset" 438
"E:/Unreal Projects/blAchan/Content/SciFi_Robot/Mannequin/Animations/ThirdPerson_IdleRun_2D.uasset" 439
"E:/Unreal Projects/blAchan/Content/SciFi_Robot/Mannequin/Animations/ThirdPerson_AnimBP.uasset" 440
"E:/Unreal Projects/blAchan/Content/SciFi_Robot/TEXTURES/DECALS/DECAL_03_ALPHA_TX.uasset" 441
"E:/Unreal Projects/blAchan/Content/SciFi_Robot/MATERIALS/DECALS/DECAL_MIL_MAT.uasset" 442
"../../../Engine/Content/Functions/Engine_MaterialFunctions01/Gradient/LinearGradient.uasset" 443
"../../../Engine/Content/Functions/Engine_MaterialFunctions01/ImageAdjustment/CheapContrast.uasset" 444
"E:/Unreal Projects/blAchan/Content/SciFi_Robot/TEXTURES/LED/PULSE_FL_TX.uasset" 445
"E:/Unreal Projects/blAchan/Content/SciFi_Robot/MATERIALS/VISOR/VISOR_MAT.uasset" 446
"E:/Unreal Projects/blAchan/Content/SciFi_Robot/TEXTURES/SKIN_ARMY/MIL_BC_TX.uasset" 447
"E:/Unreal Projects/blAchan/Content/SciFi_Robot/TEXTURES/SKIN_ARMY/MIL_EM_TX.uasset" 448
"E:/Unreal Projects/blAchan/Content/SciFi_Robot/TEXTURES/SKIN_ARMY/MIL_NMR_TX.uasset" 449
"E:/Unreal Projects/blAchan/Content/SciFi_Robot/TEXTURES/SKIN_ARMY/MIL_ORM_TX.uasset" 450
"E:/Unreal Projects/blAchan/Content/SciFi_Robot/MATERIALS/BODY/MIL_MAT.uasset" 451
"E:/Unreal Projects/blAchan/Content/SciFi_Robot/MESHES/SCIFI_ROBOT_PHYSIC_ASSET.uasset" 452
"E:/Unreal Projects/blAchan/Content/SciFi_Robot/MESHES/SCIFI_ROBOT_SK.uasset" 453
"E:/Unreal Projects/blAchan/Content/SciFi_Robot/ThirdPersonBP/Blueprints/ThirdPersonCharacter.uasset" 454
"E:/Unreal Projects/blAchan/Content/SciFi_Robot/ThirdPersonBP/Maps/ThirdPersonExampleMap_BuiltData.uasset" 455
"E:/Unreal Projects/blAchan/Content/SciFi_Robot/TEXTURES/SKIN_CEREMONY/CEREMONY_BC_TX.uasset" 456
"E:/Unreal Projects/blAchan/Content/SciFi_Robot/TEXTURES/SKIN_CEREMONY/CEREMONY_EM_TX.uasset" 457
"E:/Unreal Projects/blAchan/Content/SciFi_Robot/TEXTURES/SKIN_CEREMONY/CEREMONY_NMR_TX.uasset" 458
"E:/Unreal Projects/blAchan/Content/SciFi_Robot/TEXTURES/SKIN_CEREMONY/CEREMONY_ORM_TX.uasset" 459
"E:/Unreal Projects/blAchan/Content/SciFi_Robot/MATERIALS/BODY/CEREMONY_MAT.uasset" 460
"E:/Unreal Projects/blAchan/Content/SciFi_Robot/TEXTURES/SKIN_DAMAGED/DAMAGED_BC_TX.uasset" 461
"E:/Unreal Projects/blAchan/Content/SciFi_Robot/TEXTURES/SKIN_DAMAGED/DAMAGED_NMR_TX.uasset" 462
"E:/Unreal Projects/blAchan/Content/SciFi_Robot/TEXTURES/SKIN_DAMAGED/DAMAGED_ORM_TX.uasset" 463
"E:/Unreal Projects/blAchan/Content/SciFi_Robot/MATERIALS/BODY/DAMAGED_MAT.uasset" 464
"E:/Unreal Projects/blAchan/Content/SciFi_Robot/TEXTURES/SKIN_DEFAULT/DEFAULT_EM_TX.uasset" 465
"E:/Unreal Projects/blAchan/Content/SciFi_Robot/TEXTURES/SKIN_DEFAULT/DEFAULT_ORM_TX.uasset" 466
"E:/Unreal Projects/blAchan/Content/SciFi_Robot/MATERIALS/BODY/DEFAULT_MAT.uasset" 467
"E:/Unreal Projects/blAchan/Content/SciFi_Robot/TEXTURES/SKIN_NAVY/NAVY_BC_TX.uasset" 468
"E:/Unreal Projects/blAchan/Content/SciFi_Robot/TEXTURES/SKIN_NAVY/NAVY_EM_TX.uasset" 469
"E:/Unreal Projects/blAchan/Content/SciFi_Robot/TEXTURES/SKIN_NAVY/NAVY_NMR_TX.uasset" 470
"E:/Unreal Projects/blAchan/Content/SciFi_Robot/TEXTURES/SKIN_NAVY/NAVY_ORM_TX.uasset" 471
"E:/Unreal Projects/blAchan/Content/SciFi_Robot/MATERIALS/BODY/NAVY_MAT.uasset" 472
"E:/Unreal Projects/blAchan/Content/SciFi_Robot/TEXTURES/SKIN_PARAMEDIC/PARAMEDIC_BC_TX.uasset" 473
"E:/Unreal Projects/blAchan/Content/SciFi_Robot/TEXTURES/SKIN_PARAMEDIC/PARAMEDIC_EM_TX.uasset" 474
"E:/Unreal Projects/blAchan/Content/SciFi_Robot/TEXTURES/SKIN_PARAMEDIC/PARAMEDIC_NMR_TX.uasset" 475
"E:/Unreal Projects/blAchan/Content/SciFi_Robot/TEXTURES/SKIN_PARAMEDIC/PARAMEDIC_ORM_TX.uasset" 476
"E:/Unreal Projects/blAchan/Content/SciFi_Robot/MATERIALS/BODY/PARAMEDIC_MAT.uasset" 477
"E:/Unreal Projects/blAchan/Content/SciFi_Robot/TEXTURES/SKIN_RAVE/RAVE_BC_TX.uasset" 478
"E:/Unreal Projects/blAchan/Content/SciFi_Robot/TEXTURES/SKIN_RAVE/RAVE_EM_TX.uasset" 479
"E:/Unreal Projects/blAchan/Content/SciFi_Robot/TEXTURES/SKIN_RAVE/RAVE_NMR_TX.uasset" 480
"E:/Unreal Projects/blAchan/Content/SciFi_Robot/TEXTURES/SKIN_RAVE/RAVE_ORM_TX.uasset" 481
"E:/Unreal Projects/blAchan/Content/SciFi_Robot/MATERIALS/BODY/RAVE_MAT.uasset" 482
"E:/Unreal Projects/blAchan/Content/SciFi_Robot/TEXTURES/DECALS/DECAL_02_ALPHA_TX.uasset" 483
"E:/Unreal Projects/blAchan/Content/SciFi_Robot/MATERIALS/DECALS/DECAL_CEREMONY_MAT.uasset" 484
"E:/Unreal Projects/blAchan/Content/SciFi_Robot/TEXTURES/DECALS/DECAL_01_ALPHA_TX.uasset" 485
"E:/Unreal Projects/blAchan/Content/SciFi_Robot/MATERIALS/DECALS/DECAL_DEFAULT_MAT.uasset" 486
"E:/Unreal Projects/blAchan/Content/SciFi_Robot/TEXTURES/DECALS/DECAL_04_ALPHA_TX.uasset" 487
"E:/Unreal Projects/blAchan/Content/SciFi_Robot/MATERIALS/DECALS/DECAL_PARAM_MAT.uasset" 488
"E:/Unreal Projects/blAchan/Content/SciFi_Robot/MATERIALS/VISOR/VISOR_MAT2_Inst.uasset" 489
"E:/Unreal Projects/blAchan/Content/SciFi_Robot/MATERIALS/VISOR/VISOR_MAT_Inst.uasset" 490
"E:/Unreal Projects/blAchan/Content/SciFi_Robot/Geometry/Meshes/CubeMaterial.uasset" 491
"E:/Unreal Projects/blAchan/Content/SciFi_Robot/Geometry/Meshes/1M_Cube.uasset" 492
"E:/Unreal Projects/blAchan/Content/SciFi_Robot/Geometry/Meshes/1M_Cube_Chamfer.uasset" 493
"E:/Unreal Projects/blAchan/Content/SciFi_Robot/Geometry/Meshes/TemplateFloor.uasset" 494
"E:/Unreal Projects/blAchan/Content/SciFi_Robot/TEXTURES/CLOAK/Cloak_BC_TX.uasset" 495
"E:/Unreal Projects/blAchan/Content/SciFi_Robot/TEXTURES/CLOAK/Cloak_NMR_TX.uasset" 496
"E:/Unreal Projects/blAchan/Content/SciFi_Robot/TEXTURES/CLOAK/Cloak_ORM_TX.uasset" 497
"E:/Unreal Projects/blAchan/Content/SciFi_Robot/MATERIALS/CLOAK/CLOAK_MAT.uasset" 498
"E:/Unreal Projects/blAchan/Content/SciFi_Robot/MESHES/CLOAK_PHYSIC_ASSET.uasset" 499
"E:/Unreal Projects/blAchan/Content/SciFi_Robot/MESHES/CLOAK_SK.uasset" 500
"E:/Unreal Projects/blAchan/Content/SciFi_Robot/TEXTURES/STDSMALL_CUBEMAP.uasset" 501
"E:/Unreal Projects/blAchan/Content/SciFi_Robot/ThirdPersonBP/Maps/ThirdPersonExampleMap.umap" 502
"../../../Engine/Content/Maps/Entry_BuiltData.uasset" 503
"../../../Engine/Content/Maps/Entry.umap" 504
"../../../Engine/Content/EngineSky/C_Sky_Cloud_Color.uasset" 505
"../../../Engine/Content/EngineSky/C_Sky_Horizon_Color.uasset" 506
"../../../Engine/Content/EngineSky/C_Sky_Zenith_Color.uasset" 507
"../../../Engine/Content/EngineSky/T_Sky_Blue.uasset" 508
"../../../Engine/Content/EngineSky/T_Sky_Clouds_M.uasset" 509
"../../../Engine/Content/EngineSky/T_Sky_Stars.uasset" 510
"../../../Engine/Content/EngineSky/M_Sky_Panning_Clouds2.uasset" 511
"../../../Engine/Content/EngineSky/SM_SkySphere.uasset" 512
"../../../Engine/Content/EngineSky/BP_Sky_Sphere.uasset" 513
"E:/Unreal Projects/blAchan/Content/ThirdPersonCPP/Maps/ThirdPersonExampleMap_BuiltData.uasset" 514
"../../../Engine/Content/BasicShapes/BasicShapeMaterial.uasset" 515
"E:/Unreal Projects/blAchan/Content/Geometry/Meshes/CubeMaterial.uasset" 516
"E:/Unreal Projects/blAchan/Content/Export/Weapon_Attack/Texture/T_Light.uasset" 517
"E:/Unreal Projects/blAchan/Content/Export/Weapon_Attack/Material/M_Light.uasset" 518
"../../Plugins/FX/Niagara/Content/DefaultAssets/DefaultSpriteMaterial.uasset" 519
"E:/Unreal Projects/blAchan/Content/Export/Weapon_Attack/Material/MI_light.uasset" 520
"E:/Unreal Projects/blAchan/Content/Export/Weapon_Attack/Texture/T_Slash.uasset" 521
"E:/Unreal Projects/blAchan/Content/Export/Weapon_Attack/Material/MI_Slash.uasset" 522
"../../Plugins/FX/Niagara/Content/DynamicInputs/Angles/NormalizedAngleToDegrees.uasset" 523
"../../Plugins/FX/Niagara/Content/Enums/ENiagaraRandomnessMode.uasset" 524
"../../Plugins/FX/Niagara/Content/Functions/GetRandomInfo.uasset" 525
"../../Plugins/FX/Niagara/Content/Functions/RandomRange.uasset" 526
"../../Plugins/FX/Niagara/Content/DynamicInputs/UniformRange/UniformRangedFloat.uasset" 527
"../../Plugins/FX/Niagara/Content/DynamicInputs/UniformRange/UniformRangedVector.uasset" 528
"../../Plugins/FX/Niagara/Content/DynamicInputs/ValueFromCurve/FloatFromCurve.uasset" 529
"../../Plugins/FX/Niagara/Content/Functions/Localspace/SimulationPosition.uasset" 530
"../../Plugins/FX/Niagara/Content/Functions/Emitter/EmitterChangeState.uasset" 531
"../../Plugins/FX/Niagara/Content/Modules/Emitter/EmitterLifeCycle.uasset" 532
"../../Plugins/FX/Niagara/Content/Modules/Emitter/SpawnRate.uasset" 533
"../../Plugins/FX/Niagara/Content/Functions/DirectionAndLengthSafe.uasset" 534
"../../Plugins/FX/Niagara/Content/Modules/Solvers/SolveForcesAndVelocity.uasset" 535
"../../Plugins/FX/Niagara/Content/Modules/Spawn/Initialization/InitializeParticle.uasset" 536
"../../Plugins/FX/Niagara/Content/Functions/Localspace/TransformBase.uasset" 537
"../../Plugins/FX/Niagara/Content/Functions/Localspace/TransformVector.uasset" 538
"../../Plugins/FX/Niagara/Content/Functions/RandomPointInSphere.uasset" 539
"../../Plugins/FX/Niagara/Content/Enums/ENiagaraCoordinateSpace.uasset" 540
"../../Plugins/FX/Niagara/Content/Enums/ENiagaraExpansionMode.uasset" 541
"../../Plugins/FX/Niagara/Content/Modules/Spawn/Location/SphereLocation.uasset" 542
"../../Plugins/FX/Niagara/Content/Modules/Spawn/Velocity/AddVelocity.uasset" 543
"../../Plugins/FX/Niagara/Content/Enums/ENiagaraScaleColorMode.uasset" 544
"../../Plugins/FX/Niagara/Content/Modules/Update/Color/ScaleColor.uasset" 545
"../../Plugins/FX/Niagara/Content/Modules/Update/Forces/Drag.uasset" 546
"../../Plugins/FX/Niagara/Content/Modules/Update/Forces/GravityForce.uasset" 547
"../../Plugins/FX/Niagara/Content/Modules/Update/Lifetime/ParticleState.uasset" 548
"../../Plugins/FX/Niagara/Content/Enums/ENiagaraMassByVolume.uasset" 549
"../../Plugins/FX/Niagara/Content/Modules/Update/Mass/CalculateSizeAndRotationalInertiaByMass.uasset" 550
"E:/Unreal Projects/blAchan/Content/Export/Hammer_Ultimate/Particle/Niagara_base.uasset" 551
"E:/Unreal Projects/blAchan/Content/Export/Weapon_Attack/Particle/NewNiagaraEmitter.uasset" 552
"../../Plugins/FX/Niagara/Content/DynamicInputs/UniformRange/UniformRangedVector2D.uasset" 553
"../../Plugins/FX/Niagara/Content/DynamicInputs/ValueFromCurve/ColorFromCurve.uasset" 554
"../../Plugins/FX/Niagara/Content/DynamicInputs/ValueFromCurve/VectorFromCurve.uasset" 555
"../../Plugins/FX/Niagara/Content/Modules/Emitter/SpawnBurst_Instantaneous.uasset" 556
"../../Plugins/FX/Niagara/Content/Functions/Rotation/FindQuatBetween.uasset" 557
"../../Plugins/FX/Niagara/Content/Functions/Rotation/MultiplyQuaternion.uasset" 558
"../../Plugins/FX/Niagara/Content/Functions/Rotation/AxisAngleToQuaternion.uasset" 559
"../../Plugins/FX/Niagara/Content/Modules/Solvers/ApplyRotationVector.uasset" 560
"../../Plugins/FX/Niagara/Content/Enums/ENiagaraMeshTransforms.uasset" 561
"../../Plugins/FX/Niagara/Content/Modules/Spawn/Orientation/V2/InitialMeshOrientation.uasset" 562
"../../Plugins/FX/Niagara/Content/Functions/System/SystemChangeState.uasset" 563
"../../Plugins/FX/Niagara/Content/Modules/System/SystemLifeCycle.uasset" 564
"../../Plugins/FX/Niagara/Content/Modules/Update/Color/Color.uasset" 565
"../../Plugins/FX/Niagara/Content/Functions/FindAngleBetweenVectors.uasset" 566
"../../Plugins/FX/Niagara/Content/Functions/Masks/ConeMask.uasset" 567
"../../Plugins/FX/Niagara/Content/Enums/ENiagaraCurlNoiseQuality.uasset" 568
"../../Plugins/FX/Niagara/Content/VectorFields/Assets/TilingCurl16.uasset" 569
"../../Plugins/FX/Niagara/Content/VectorFields/Assets/TilingCurl32.uasset" 570
"../../Plugins/FX/Niagara/Content/VectorFields/Assets/TilingCurl64.uasset" 571
"../../Plugins/FX/Niagara/Content/Modules/Update/Forces/CurlNoiseForce.uasset" 572
"../../Plugins/FX/Niagara/Content/Modules/Update/Material/DynamicMaterialParameters.uasset" 573
"../../Plugins/FX/Niagara/Content/Modules/Update/Size/MeshSizeScale.uasset" 574
"E:/Unreal Projects/blAchan/Content/Export/Hammer_Ultimate/Model/SM_Plane.uasset" 575
"E:/Unreal Projects/blAchan/Content/Export/Weapon_Attack/Particle/NewNiagaraEmitter_System.uasset" 576
"../../../Engine/Content/BasicShapes/Cube.uasset" 577
"E:/Unreal Projects/blAchan/Content/Geometry/Meshes/1M_Cube.uasset" 578
"E:/Unreal Projects/blAchan/Content/Geometry/Meshes/1M_Cube_Chamfer.uasset" 579
"E:/Unreal Projects/blAchan/Content/Geometry/Meshes/TemplateFloor.uasset" 580
"E:/Unreal Projects/blAchan/Content/ThirdPerson/Meshes/RampMaterial.uasset" 581
"E:/Unreal Projects/blAchan/Content/ThirdPerson/Meshes/Bump_StaticMesh.uasset" 582
"E:/Unreal Projects/blAchan/Content/ThirdPerson/Meshes/LeftArm_StaticMesh.uasset" 583
"E:/Unreal Projects/blAchan/Content/ThirdPerson/Meshes/Linear_Stair_StaticMesh.uasset" 584
"E:/Unreal Projects/blAchan/Content/ThirdPerson/Meshes/Ramp_StaticMesh.uasset" 585
"E:/Unreal Projects/blAchan/Content/ThirdPerson/Meshes/RightArm_StaticMesh.uasset" 586
"E:/Unreal Projects/blAchan/Content/ThirdPersonCPP/Maps/ThirdPersonExampleMap.umap" 587
